<?xml version="1.0" encoding="utf-8"?><testsuite errors="0" failures="0" name="pytest" skips="0" tests="9" time="3.574"><testcase classname="test_be" file="test_be.py" line="7" name="test_basic_numbers" time="0.803204298019"></testcase><testcase classname="test_be" file="test_be.py" line="30" name="test_negative_numbers" time="0.355210781097"></testcase><testcase classname="test_be" file="test_be.py" line="46" name="test_string" time="0.262856960297"></testcase><testcase classname="test_be" file="test_be.py" line="62" name="test_alphanumeric" time="0.265489339828"></testcase><testcase classname="test_be" file="test_be.py" line="81" name="test_decimal" time="0.269101858139"></testcase><testcase classname="test_be" file="test_be.py" line="96" name="test_noinput" time="0.0908410549164"></testcase><testcase classname="test_be" file="test_be.py" line="105" name="test_othercharacters" time="0.963634252548"></testcase><testcase classname="test_be" file="test_be.py" line="130" name="test_invalid_request" time="0.263750076294"></testcase><testcase classname="test_be" file="test_be.py" line="147" name="test_invalid_request_noinput" time="0.26368188858"></testcase></testsuite>